---------- Permutation ------------
List Number 1
List Item 1
List Item 2
List Number 2
List Item 1
List Item 3
List Number 3
List Item 1
List Item 4
List Number 4
List Item 1
List Item 5
List Number 5
List Item 2
List Item 3
List Number 6
List Item 2
List Item 4
List Number 7
List Item 2
List Item 5
List Number 8
List Item 3
List Item 4
List Number 9
List Item 3
List Item 5
List Number 10
List Item 4
List Item 5
---------- Permutation ------------

---------- Permutation Set ------------
List Number 1
List Item 1
List Item 2
List Number 2
List Item 1
List Item 3
List Number 3
List Item 1
List Item 4
List Number 4
List Item 1
List Item 5
List Number 5
List Item 2
List Item 1
List Number 6
List Item 2
List Item 3
List Number 7
List Item 2
List Item 4
List Number 8
List Item 2
List Item 5
List Number 9
List Item 3
List Item 1
List Number 10
List Item 3
List Item 2
List Number 11
List Item 3
List Item 4
List Number 12
List Item 3
List Item 5
List Number 13
List Item 4
List Item 1
List Number 14
List Item 4
List Item 2
List Number 15
List Item 4
List Item 3
List Number 16
List Item 4
List Item 5
List Number 17
List Item 5
List Item 1
List Number 18
List Item 5
List Item 2
List Number 19
List Item 5
List Item 3
List Number 20
List Item 5
List Item 4
---------- Permutation Set ------------

---------- Combination ------------
List Number 1
List Item 1
List Item 2
List Number 2
List Item 1
List Item 3
List Number 3
List Item 1
List Item 4
List Number 4
List Item 1
List Item 5
List Number 5
List Item 2
List Item 3
List Number 6
List Item 2
List Item 4
List Number 7
List Item 2
List Item 5
List Number 8
List Item 3
List Item 4
List Number 9
List Item 3
List Item 5
List Number 10
List Item 4
List Item 5
---------- Combination ------------
List Number 1
List Item 1,2
List Item 1,3
List Number 2
List Item 1,2
List Item 1,4
List Number 3
List Item 1,2
List Item 1,5
List Number 4
List Item 1,2
List Item 2,3
List Number 5
List Item 1,2
List Item 2,4
List Number 6
List Item 1,2
List Item 2,5
List Number 7
List Item 1,2
List Item 3,4
List Number 8
List Item 1,2
List Item 3,5
List Number 9
List Item 1,2
List Item 4,5
List Number 10
List Item 1,3
List Item 1,4
List Number 11
List Item 1,3
List Item 1,5
List Number 12
List Item 1,3
List Item 2,3
List Number 13
List Item 1,3
List Item 2,4
List Number 14
List Item 1,3
List Item 2,5
List Number 15
List Item 1,3
List Item 3,4
List Number 16
List Item 1,3
List Item 3,5
List Number 17
List Item 1,3
List Item 4,5
List Number 18
List Item 1,4
List Item 1,5
List Number 19
List Item 1,4
List Item 2,3
List Number 20
List Item 1,4
List Item 2,4
List Number 21
List Item 1,4
List Item 2,5
List Number 22
List Item 1,4
List Item 3,4
List Number 23
List Item 1,4
List Item 3,5
List Number 24
List Item 1,4
List Item 4,5
List Number 25
List Item 1,5
List Item 2,3
List Number 26
List Item 1,5
List Item 2,4
List Number 27
List Item 1,5
List Item 2,5
List Number 28
List Item 1,5
List Item 3,4
List Number 29
List Item 1,5
List Item 3,5
List Number 30
List Item 1,5
List Item 4,5
List Number 31
List Item 2,3
List Item 2,4
List Number 32
List Item 2,3
List Item 2,5
List Number 33
List Item 2,3
List Item 3,4
List Number 34
List Item 2,3
List Item 3,5
List Number 35
List Item 2,3
List Item 4,5
List Number 36
List Item 2,4
List Item 2,5
List Number 37
List Item 2,4
List Item 3,4
List Number 38
List Item 2,4
List Item 3,5
List Number 39
List Item 2,4
List Item 4,5
List Number 40
List Item 2,5
List Item 3,4
List Number 41
List Item 2,5
List Item 3,5
List Number 42
List Item 2,5
List Item 4,5
List Number 43
List Item 3,4
List Item 3,5
List Number 44
List Item 3,4
List Item 4,5
List Number 45
List Item 3,5
List Item 4,5
---------- Combination Group ------------
---------- Power Set ------------
List Number 1
List Number 2
List Item 1
List Number 3
List Item 2
List Number 4
List Item 1
List Item 2
List Number 5
List Item 3
List Number 6
List Item 1
List Item 3
List Number 7
List Item 2
List Item 3
List Number 8
List Item 1
List Item 2
List Item 3
List Number 9
List Item 4
List Number 10
List Item 1
List Item 4
List Number 11
List Item 2
List Item 4
List Number 12
List Item 1
List Item 2
List Item 4
List Number 13
List Item 3
List Item 4
List Number 14
List Item 1
List Item 3
List Item 4
List Number 15
List Item 2
List Item 3
List Item 4
List Number 16
List Item 1
List Item 2
List Item 3
List Item 4
List Number 17
List Item 5
List Number 18
List Item 1
List Item 5
List Number 19
List Item 2
List Item 5
List Number 20
List Item 1
List Item 2
List Item 5
List Number 21
List Item 3
List Item 5
List Number 22
List Item 1
List Item 3
List Item 5
List Number 23
List Item 2
List Item 3
List Item 5
List Number 24
List Item 1
List Item 2
List Item 3
List Item 5
List Number 25
List Item 4
List Item 5
List Number 26
List Item 1
List Item 4
List Item 5
List Number 27
List Item 2
List Item 4
List Item 5
List Number 28
List Item 1
List Item 2
List Item 4
List Item 5
List Number 29
List Item 3
List Item 4
List Item 5
List Number 30
List Item 1
List Item 3
List Item 4
List Item 5
List Number 31
List Item 2
List Item 3
List Item 4
List Item 5
List Number 32
List Item 1
List Item 2
List Item 3
List Item 4
List Item 5
---------- Power Set ------------
